[debug] ----------------------------------------------------------------------
[debug] Command:      C:\Program Files\nodejs\node.exe C:\Users\exoslav\AppData\Roaming\npm\node_modules\firebase-tools\bin\firebase serve
[debug] CLI Version:  3.0.0
[debug] Platform:     win32
[debug] Node Version: v4.2.6
[debug] Time:         Sun May 22 2016 15:06:47 GMT+0200 (Střední Evropa (letní čas))
[debug] ----------------------------------------------------------------------
[debug] 
[info] Starting Firebase development server...
[info] 
[info] Project Directory: c:\xampp\htdocs\projekty\cestovni-denik.cz
[info] Public Directory: ./app
[info] 
[info] Server listening at: http://localhost:5000
[debug] ----------------------------------------------------------------------
[debug] Command:      C:\Program Files\nodejs\node.exe C:\Users\exoslav\AppData\Roaming\npm\node_modules\firebase-tools\bin\firebase serve
[debug] CLI Version:  3.0.0
[debug] Platform:     win32
[debug] Node Version: v4.2.6
[debug] Time:         Mon May 23 2016 19:45:06 GMT+0200 (Střední Evropa (letní čas))
[debug] ----------------------------------------------------------------------
[debug] 
[info] Starting Firebase development server...
[info] 
[info] Project Directory: c:\xampp\htdocs\projekty\cestovni-denik.cz
[info] Public Directory: ./app
[info] 
[info] Server listening at: http://localhost:5000
[debug] ----------------------------------------------------------------------
[debug] Command:      C:\Program Files\nodejs\node.exe C:\Users\exoslav\AppData\Roaming\npm\node_modules\firebase-tools\bin\firebase serve
[debug] CLI Version:  3.0.0
[debug] Platform:     win32
[debug] Node Version: v4.2.6
[debug] Time:         Tue May 24 2016 18:15:24 GMT+0200 (Střední Evropa (letní čas))
[debug] ----------------------------------------------------------------------
[debug] 
[info] Starting Firebase development server...
[info] 
[info] Project Directory: c:\xampp\htdocs\projekty\cestovni-denik.cz
[info] Public Directory: ./app
[info] 
[info] Server listening at: http://localhost:5000
[debug] ----------------------------------------------------------------------
[debug] Command:      C:\Program Files\nodejs\node.exe C:\Users\exoslav\AppData\Roaming\npm\node_modules\firebase-tools\bin\firebase serve
[debug] CLI Version:  3.0.0
[debug] Platform:     win32
[debug] Node Version: v4.2.6
[debug] Time:         Tue May 24 2016 21:39:33 GMT+0200 (Střední Evropa (letní čas))
[debug] ----------------------------------------------------------------------
[debug] 
[info] Starting Firebase development server...
[info] 
[info] Project Directory: c:\xampp\htdocs\projekty\cestovni-denik.cz
[info] Public Directory: ./app
[info] 
[info] Server listening at: http://localhost:5000
[debug] ----------------------------------------------------------------------
[debug] Command:      C:\Program Files\nodejs\node.exe C:\Users\exoslav\AppData\Roaming\npm\node_modules\firebase-tools\bin\firebase serve
[debug] CLI Version:  3.0.0
[debug] Platform:     win32
[debug] Node Version: v4.2.6
[debug] Time:         Wed May 25 2016 21:30:11 GMT+0200 (Střední Evropa (letní čas))
[debug] ----------------------------------------------------------------------
[debug] 
[info] Starting Firebase development server...
[info] 
[info] Project Directory: c:\xampp\htdocs\projekty\cestovni-denik.cz
[info] Public Directory: ./app
[info] 
[info] Server listening at: http://localhost:5000
