[debug] ----------------------------------------------------------------------
[debug] Command:      C:\Program Files\nodejs\node.exe C:\Users\exoslav\AppData\Roaming\npm\node_modules\firebase-tools\bin\firebase serve
[debug] CLI Version:  3.0.0
[debug] Platform:     win32
[debug] Node Version: v4.2.6
[debug] Time:         Thu May 26 2016 21:54:56 GMT+0200 (Střední Evropa (letní čas))
[debug] ----------------------------------------------------------------------
[debug] 
[info] Starting Firebase development server...
[info] 
[info] Project Directory: c:\xampp\htdocs\projekty\cestovni-denik.cz
[info] Public Directory: ./app
[info] 
[info] Server listening at: http://localhost:5000
[debug] ----------------------------------------------------------------------
[debug] Command:      C:\Program Files\nodejs\node.exe C:\Users\exoslav\AppData\Roaming\npm\node_modules\firebase-tools\bin\firebase serve
[debug] CLI Version:  3.0.0
[debug] Platform:     win32
[debug] Node Version: v4.2.6
[debug] Time:         Sat May 28 2016 10:55:50 GMT+0200 (Střední Evropa (letní čas))
[debug] ----------------------------------------------------------------------
[debug] 
[info] Starting Firebase development server...
[info] 
[info] Project Directory: c:\xampp\htdocs\projekty\cestovni-denik.cz
[info] Public Directory: ./app
[info] 
[info] Server listening at: http://localhost:5000
[debug] ----------------------------------------------------------------------
[debug] Command:      C:\Program Files\nodejs\node.exe C:\Users\exoslav\AppData\Roaming\npm\node_modules\firebase-tools\bin\firebase serve
[debug] CLI Version:  3.0.1
[debug] Platform:     win32
[debug] Node Version: v4.2.6
[debug] Time:         Mon May 30 2016 19:44:14 GMT+0200 (Střední Evropa (letní čas))
[debug] ----------------------------------------------------------------------
[debug] 
[info] Starting Firebase development server...
[info] 
[info] Project Directory: c:\xampp\htdocs\projekty\cestovni-denik.cz
[info] Public Directory: ./app
[info] 
[info] Server listening at: http://localhost:5000
[debug] ----------------------------------------------------------------------
[debug] Command:      C:\Program Files\nodejs\node.exe C:\Users\exoslav\AppData\Roaming\npm\node_modules\firebase-tools\bin\firebase serve
[debug] CLI Version:  3.0.1
[debug] Platform:     win32
[debug] Node Version: v4.2.6
[debug] Time:         Wed Jun 01 2016 19:54:33 GMT+0200 (Střední Evropa (letní čas))
[debug] ----------------------------------------------------------------------
[debug] 
[info] Starting Firebase development server...
[info] 
[info] Project Directory: c:\xampp\htdocs\projekty\cestovni-denik.cz
[info] Public Directory: ./app
[info] 
[info] Server listening at: http://localhost:5000
[debug] ----------------------------------------------------------------------
[debug] Command:      C:\Program Files\nodejs\node.exe C:\Users\exoslav\AppData\Roaming\npm\node_modules\firebase-tools\bin\firebase serve
[debug] CLI Version:  3.0.1
[debug] Platform:     win32
[debug] Node Version: v4.2.6
[debug] Time:         Mon Jun 06 2016 19:40:41 GMT+0200 (Střední Evropa (letní čas))
[debug] ----------------------------------------------------------------------
[debug] 
[info] Starting Firebase development server...
[info] 
[info] Project Directory: c:\xampp\htdocs\projekty\cestovni-denik.cz
[info] Public Directory: ./app
[info] 
[info] Server listening at: http://localhost:5000
[debug] ----------------------------------------------------------------------
[debug] Command:      C:\Program Files\nodejs\node.exe C:\Users\exoslav\AppData\Roaming\npm\node_modules\firebase-tools\bin\firebase serve
[debug] CLI Version:  3.0.1
[debug] Platform:     win32
[debug] Node Version: v4.2.6
[debug] Time:         Tue Jun 07 2016 19:19:37 GMT+0200 (Střední Evropa (letní čas))
[debug] ----------------------------------------------------------------------
[debug] 
[info] Starting Firebase development server...
[info] 
[info] Project Directory: c:\xampp\htdocs\projekty\cestovni-denik.cz
[info] Public Directory: ./app
[info] 
[info] Server listening at: http://localhost:5000
[debug] ----------------------------------------------------------------------
[debug] Command:      C:\Program Files (x86)\nodejs\node.exe C:\Users\martin.nikl\AppData\Roaming\npm\node_modules\firebase-tools\bin\firebase serve
[debug] CLI Version:  3.0.2
[debug] Platform:     win32
[debug] Node Version: v4.2.5
[debug] Time:         Wed Jun 08 2016 16:03:15 GMT+0200 (Střední Evropa (letní čas))
[debug] ----------------------------------------------------------------------
[debug] 
[info] Starting Firebase development server...
[info] 
[info] Project Directory: c:\Users\martin.nikl\Desktop\test\cestovni-denik
[info] Public Directory: ./app
[info] 
[info] Server listening at: http://localhost:5000
[debug] ----------------------------------------------------------------------
[debug] Command:      C:\Program Files\nodejs\node.exe C:\Users\exoslav\AppData\Roaming\npm\node_modules\firebase-tools\bin\firebase serve
[debug] CLI Version:  3.0.1
[debug] Platform:     win32
[debug] Node Version: v4.2.6
[debug] Time:         Sun Jun 19 2016 15:56:54 GMT+0200 (Střední Evropa (letní čas))
[debug] ----------------------------------------------------------------------
[debug] 
[info] Starting Firebase development server...
[info] 
[info] Project Directory: c:\xampp\htdocs\projekty\cestovni-denik
[info] Public Directory: ./app
[info] 
[info] Server listening at: http://localhost:5000
[debug] ----------------------------------------------------------------------
[debug] Command:      C:\Program Files\nodejs\node.exe C:\Users\exoslav\AppData\Roaming\npm\node_modules\firebase-tools\bin\firebase serve
[debug] CLI Version:  3.0.4
[debug] Platform:     win32
[debug] Node Version: v4.2.6
[debug] Time:         Fri Jul 01 2016 20:43:28 GMT+0200 (Střední Evropa (letní čas))
[debug] ----------------------------------------------------------------------
[debug] 
[info] Starting Firebase development server...
[info] 
[info] Project Directory: c:\xampp\htdocs\projekty\cestovni-denik
[info] Public Directory: ./app
[info] 
[info] Server listening at: http://localhost:5000
[debug] ----------------------------------------------------------------------
[debug] Command:      C:\Program Files\nodejs\node.exe C:\Users\exoslav\AppData\Roaming\npm\node_modules\firebase-tools\bin\firebase serve
[debug] CLI Version:  3.0.4
[debug] Platform:     win32
[debug] Node Version: v4.4.7
[debug] Time:         Tue Jul 05 2016 09:49:02 GMT+0200 (Střední Evropa (letní čas))
[debug] ----------------------------------------------------------------------
[debug] 
[info] Starting Firebase development server...
[info] 
[info] Project Directory: f:\web\projects\cestovni-denik
[info] Public Directory: ./app
[info] 
[info] Server listening at: http://localhost:5000
[debug] ----------------------------------------------------------------------
[debug] Command:      C:\Program Files\nodejs\node.exe C:\Users\exoslav\AppData\Roaming\npm\node_modules\firebase-tools\bin\firebase serve
[debug] CLI Version:  3.0.4
[debug] Platform:     win32
[debug] Node Version: v4.4.7
[debug] Time:         Wed Jul 06 2016 12:26:58 GMT+0200 (Střední Evropa (letní čas))
[debug] ----------------------------------------------------------------------
[debug] 
[info] Starting Firebase development server...
[info] 
[info] Project Directory: f:\web\projects\cestovni-denik
[info] Public Directory: ./app
[info] 
[info] Server listening at: http://localhost:5000
[debug] ----------------------------------------------------------------------
[debug] Command:      C:\Program Files\nodejs\node.exe C:\Users\exoslav\AppData\Roaming\npm\node_modules\firebase-tools\bin\firebase serve
[debug] CLI Version:  3.0.4
[debug] Platform:     win32
[debug] Node Version: v4.4.7
[debug] Time:         Sat Jul 09 2016 18:18:56 GMT+0200 (Střední Evropa (letní čas))
[debug] ----------------------------------------------------------------------
[debug] 
[info] Starting Firebase development server...
[info] 
[info] Project Directory: f:\web\projects\cestovni-denik
[info] Public Directory: ./app
[info] 
[info] Server listening at: http://localhost:5000
